2024-02-08 03:32:56.426 +0530 [debug] ([34mconfigs.js[0m) [31mloaded default configs as "{"updates":{"manifest_url":"https://ssdk.surveysparrow.dev/assets/ssdk/updates.json","period":1},"log":{"level":"info"},"javascript":{"ecma_version":2020},"request":{"timeout":5000}}"[0m
2024-02-08 03:32:56.428 +0530 [debug] ([34mfile.js[0m) [31mError while requiring C:\Users\nkbib/.ssdk/configs.json: Cannot find module 'C:\Users\nkbib/.ssdk/configs.json'
Require stack:
- C:\ProgramData\nvm\v18.19.0\node_modules\ssdk\lib\utils\file.js
- C:\ProgramData\nvm\v18.19.0\node_modules\ssdk\lib\configs.js
- C:\ProgramData\nvm\v18.19.0\node_modules\ssdk\lib\logger.js
- C:\ProgramData\nvm\v18.19.0\node_modules\ssdk\index.js[0m
2024-02-08 03:32:56.428 +0530 [debug] ([34mconfigs.js[0m) [31mloaded global configs as "{}"[0m
2024-02-08 03:32:56.428 +0530 [debug] ([34mfile.js[0m) [31mError while requiring F:\IMDB_with_SS/.ssdk/configs.json: Cannot find module 'F:\IMDB_with_SS/.ssdk/configs.json'
Require stack:
- C:\ProgramData\nvm\v18.19.0\node_modules\ssdk\lib\utils\file.js
- C:\ProgramData\nvm\v18.19.0\node_modules\ssdk\lib\configs.js
- C:\ProgramData\nvm\v18.19.0\node_modules\ssdk\lib\logger.js
- C:\ProgramData\nvm\v18.19.0\node_modules\ssdk\index.js[0m
2024-02-08 03:32:56.429 +0530 [debug] ([34mconfigs.js[0m) [31mloaded local configs as "{}"[0m
2024-02-08 03:32:56.429 +0530 [debug] ([34mconfigs.js[0m) [31mloaded env configs as "{"updates":{},"log":{},"javascript":{},"request":{"timeout":5000}}"[0m
2024-02-08 03:32:56.429 +0530 [debug] ([34mconfigs.js[0m) [31mloaded resolved configs as "{"updates":{"manifest_url":"https://ssdk.surveysparrow.dev/assets/ssdk/updates.json","period":1},"log":{"level":"info"},"javascript":{"ecma_version":2020},"request":{"timeout":5000}}"[0m
2024-02-08 03:32:56.429 +0530 [debug] ([34mlogger.js[0m) [31mStarting SSDK in node v18.19.0 on win32[0m
2024-02-08 03:32:56.429 +0530 [debug] ([34msequelize.js[0m) [31msetting up sqilite at "F:\IMDB_with_SS/.ssdk/store.sqlite"[0m
2024-02-08 03:32:56.429 +0530 [debug] ([34mdata.js[0m) [31mRead {"version_details":{"cli":{"deprecated":{"version":"<-0.1.0","message":"This SSDK version will be deprecated by Dec 31, 2024 There will be no further feature updates to this version. For a seamless app building experience, ensure to move to the latest SSDK version. For more information, see https://sdk.surveysparrow.dev/."},"forced":{"version":"0.1.10","command":"npm install https://ssdk.surveysparrow.dev/ssdk.tgz -g","message":"Your SSDK version has been forced updated to v0.1.10, please visit https://sdk.surveysparrow.dev/ to know more"},"latest":{"version":"0.1.10","command":"npm install https://ssdk.surveysparrow.dev/ssdk.tgz -g","message":"You are on the latest SSDK version. For information on the features available as part of this SSDK version, see https://sdk.surveysparrow.dev/."}},"addon":{"version":"1.13.1","url":"https://ssdk.surveysparrow.dev/addons/addon.zip"}},"last_updated":{"time_stamp":1707320545562}}[0m
2024-02-08 03:32:56.429 +0530 [debug] ([34mupdater.js[0m) [31mlast check more than 1 hours ago, looking for updates again[0m
2024-02-08 03:32:57.722 +0530 [debug] ([34mupdater.js[0m) [31mdownloaded update manifest as {"cli":{"deprecated":{"version":"<-0.1.0","message":"This SSDK version will be deprecated by Dec 31, 2024 There will be no further feature updates to this version. For a seamless app building experience, ensure to move to the latest SSDK version. For more information, see https://sdk.surveysparrow.dev/."},"forced":{"version":"0.1.10","command":"npm install https://ssdk.surveysparrow.dev/ssdk.tgz -g","message":"Your SSDK version has been forced updated to v0.1.10, please visit https://sdk.surveysparrow.dev/ to know more"},"latest":{"version":"0.1.10","command":"npm install https://ssdk.surveysparrow.dev/ssdk.tgz -g","message":"You are on the latest SSDK version. For information on the features available as part of this SSDK version, see https://sdk.surveysparrow.dev/."}},"addon":{"version":"1.13.1","url":"https://ssdk.surveysparrow.dev/addons/addon.zip"}}[0m
2024-02-08 03:32:57.723 +0530 [debug] ([34mdata.js[0m) [31mRead {"version_details":{"cli":{"deprecated":{"version":"<-0.1.0","message":"This SSDK version will be deprecated by Dec 31, 2024 There will be no further feature updates to this version. For a seamless app building experience, ensure to move to the latest SSDK version. For more information, see https://sdk.surveysparrow.dev/."},"forced":{"version":"0.1.10","command":"npm install https://ssdk.surveysparrow.dev/ssdk.tgz -g","message":"Your SSDK version has been forced updated to v0.1.10, please visit https://sdk.surveysparrow.dev/ to know more"},"latest":{"version":"0.1.10","command":"npm install https://ssdk.surveysparrow.dev/ssdk.tgz -g","message":"You are on the latest SSDK version. For information on the features available as part of this SSDK version, see https://sdk.surveysparrow.dev/."}},"addon":{"version":"1.13.1","url":"https://ssdk.surveysparrow.dev/addons/addon.zip"}},"last_updated":{"time_stamp":1707320545562}}[0m
2024-02-08 03:32:57.723 +0530 [debug] ([34mdata.js[0m) [31mRead {"version_details":{"cli":{"deprecated":{"version":"<-0.1.0","message":"This SSDK version will be deprecated by Dec 31, 2024 There will be no further feature updates to this version. For a seamless app building experience, ensure to move to the latest SSDK version. For more information, see https://sdk.surveysparrow.dev/."},"forced":{"version":"0.1.10","command":"npm install https://ssdk.surveysparrow.dev/ssdk.tgz -g","message":"Your SSDK version has been forced updated to v0.1.10, please visit https://sdk.surveysparrow.dev/ to know more"},"latest":{"version":"0.1.10","command":"npm install https://ssdk.surveysparrow.dev/ssdk.tgz -g","message":"You are on the latest SSDK version. For information on the features available as part of this SSDK version, see https://sdk.surveysparrow.dev/."}},"addon":{"version":"1.13.1","url":"https://ssdk.surveysparrow.dev/addons/addon.zip"}},"last_updated":{"time_stamp":1707320545562}}[0m
2024-02-08 03:32:57.734 +0530 [debug] ([34mdata.js[0m) [31mRead {"version_details":{"cli":{"deprecated":{"version":"<-0.1.0","message":"This SSDK version will be deprecated by Dec 31, 2024 There will be no further feature updates to this version. For a seamless app building experience, ensure to move to the latest SSDK version. For more information, see https://sdk.surveysparrow.dev/."},"forced":{"version":"0.1.10","command":"npm install https://ssdk.surveysparrow.dev/ssdk.tgz -g","message":"Your SSDK version has been forced updated to v0.1.10, please visit https://sdk.surveysparrow.dev/ to know more"},"latest":{"version":"0.1.10","command":"npm install https://ssdk.surveysparrow.dev/ssdk.tgz -g","message":"You are on the latest SSDK version. For information on the features available as part of this SSDK version, see https://sdk.surveysparrow.dev/."}},"addon":{"version":"1.13.1","url":"https://ssdk.surveysparrow.dev/addons/addon.zip"}},"last_updated":{"time_stamp":1707320545562}}[0m
2024-02-08 03:32:57.741 +0530 [debug] ([34mindex.js[0m) [31mrunning with opts {}[0m
2024-02-08 03:32:57.830 +0530 [debug] ([34mdata.js[0m) [31mRead {"version_details":{"cli":{"deprecated":{"version":"<-0.1.0","message":"This SSDK version will be deprecated by Dec 31, 2024 There will be no further feature updates to this version. For a seamless app building experience, ensure to move to the latest SSDK version. For more information, see https://sdk.surveysparrow.dev/."},"forced":{"version":"0.1.10","command":"npm install https://ssdk.surveysparrow.dev/ssdk.tgz -g","message":"Your SSDK version has been forced updated to v0.1.10, please visit https://sdk.surveysparrow.dev/ to know more"},"latest":{"version":"0.1.10","command":"npm install https://ssdk.surveysparrow.dev/ssdk.tgz -g","message":"You are on the latest SSDK version. For information on the features available as part of this SSDK version, see https://sdk.surveysparrow.dev/."}},"addon":{"version":"1.13.1","url":"https://ssdk.surveysparrow.dev/addons/addon.zip"}},"last_updated":{"time_stamp":1707343377724}}[0m
2024-02-08 03:32:57.847 +0530 [debug] ([34mcreate.js[0m) [31m'init' called with F:\IMDB_with_SS, undefined, undefined[0m
2024-02-08 03:33:45.171 +0530 [debug] ([34mcreate.js[0m) [31mInitializing template "your_first_react_app" with product "surveysparrow".[0m
2024-02-08 03:33:45.702 +0530 [info] A new Surveysparrow app was successfully created from template "your_first_react_app" with the following files.

